<?xml version="1.0" encoding="UTF-8"?>
<testng-results skipped="0" failed="0" total="1" passed="1">
  <reporter-output>
  </reporter-output>
  <suite name="Surefire suite" duration-ms="25" started-at="2021-05-27T23:38:22Z" finished-at="2021-05-27T23:38:22Z">
    <groups>
    </groups>
    <test name="Surefire test" duration-ms="25" started-at="2021-05-27T23:38:22Z" finished-at="2021-05-27T23:38:22Z">
      <class name="TestSelenium">
        <test-method status="PASS" signature="setUp()[pri:0, instance:TestSelenium@2c6a3f77]" name="setUp" duration-ms="8" started-at="2021-05-27T20:38:22Z" finished-at="2021-05-27T20:38:22Z">
          <reporter-output>
          </reporter-output>
        </test-method> <!-- setUp -->
      </class> <!-- TestSelenium -->
    </test> <!-- Surefire test -->
  </suite> <!-- Surefire suite -->
</testng-results>
